<?xml version="1.0" encoding="UTF-8"?>
<!-- Generated by org.testng.reporters.JUnitReportReporter -->
<testsuite hostname="DESKTOP-DMVCCCC" failures="0" tests="2" name="testngday3.Practice" time="0.141" errors="0" timestamp="2024-06-14T23:29:10 GMT-12:00" skipped="0">
  <testcase classname="testngday3.Practice" name="check_home_page_visible_successfully" time="0.081"/>
  <system-out/>
  <testcase classname="testngday3.Practice" name="check_home_page_visible_successfully" time="0.060"/>
  <system-out/>
</testsuite> <!-- testngday3.Practice -->
