<?xml version="1.0" encoding="UTF-8"?>
<!-- Generated by org.testng.reporters.JUnitReportReporter -->
<testsuite hostname="DESKTOP-DMVCCCC" failures="0" tests="3" name="testngday1.Firstscript" time="0.022" errors="0" timestamp="2024-06-12T22:10:31 GMT-12:00" skipped="0">
  <testcase classname="testngday1.Firstscript" name="open_webpage" time="0.017"/>
  <system-out/>
  <testcase classname="testngday1.Firstscript" name="open_url" time="0.003"/>
  <system-out/>
  <testcase classname="testngday1.Firstscript" name="close_webpage" time="0.002"/>
  <system-out/>
</testsuite> <!-- testngday1.Firstscript -->
